<?xml version="1.0" encoding="UTF-8"?>
<!-- Generated by org.testng.reporters.JUnitReportReporter -->
<testsuite hostname="DESKTOP-2F4UK8B" failures="0" tests="1" name="webautomation.ExtentReports.ExtentReportDemo" time="4.303" errors="0" timestamp="2022-10-09T20:31:04 IST" skipped="0">
  <testcase classname="webautomation.ExtentReports.ExtentReportDemo" name="initalDemo" time="4.303"/>
  <system-out/>
</testsuite> <!-- webautomation.ExtentReports.ExtentReportDemo -->
